<?xml version="1.0" encoding="UTF-8"?>
<testsuite name="basicRestAssured.ProjectApiTest" tests="1" skipped="0" failures="0" errors="0" timestamp="2023-11-10T22:30:22" hostname="DESKTOP-1188MBL" time="6.619">
  <properties/>
  <testcase name="Project" classname="basicRestAssured.ProjectApiTest" time="6.619"/>
  <system-out><![CDATA[Request method:	POST
Request URI:	https://todo.ly/api/projects.json
Proxy:			<none>
Request params:	<none>
Query params:	<none>
Form params:	<none>
Path params:	<none>
Headers:		Authorization=Basic dWNiMjAyM0B1Y2IyMDIzLmNvbToxMjM0NQ==
				Accept=*/*
				Content-Type=text/plain; charset=ISO-8859-1
Cookies:		<none>
Multiparts:		<none>
Body:
{"Content":"UCB_JsonObject","Icon":"8"}
>>>>>>> Response <<<<<<<<<<
HTTP/1.1 200 OK
Cache-Control: no-cache, no-store, must-revalidate
Pragma: no-cache
Content-Type: application/json; charset=utf-8
Expires: -1
Server: Microsoft-IIS/8.0
Set-Cookie: ASP.NET_SessionId=hedaf0h2rpsbih4jzwhy5c1x; path=/; HttpOnly; SameSite=Lax
X-AspNetMvc-Version: 2.0
X-AspNet-Version: 4.0.30319
X-Powered-By: ASP.NET
Date: Fri, 10 Nov 2023 22:30:21 GMT
Content-Length: 404

{
    "Id": 4161811,
    "Content": "UCB_JsonObject",
    "ItemsCount": 0,
    "Icon": 8,
    "ItemType": 2,
    "ParentId": null,
    "Collapsed": false,
    "ItemOrder": 436,
    "Children": [
        
    ],
    "IsProjectShared": false,
    "ProjectShareOwnerName": null,
    "ProjectShareOwnerEmail": null,
    "IsShareApproved": false,
    "IsOwnProject": true,
    "LastSyncedDateTime": "/Date(1699655421826)/",
    "LastUpdatedDate": "/Date(1699655421827)/",
    "Deleted": false,
    "SyncClientCreationId": null
}
Request method:	GET
Request URI:	https://todo.ly/api/projects/4161811.json
Proxy:			<none>
Request params:	<none>
Query params:	<none>
Form params:	<none>
Path params:	<none>
Headers:		Authorization=Basic dWNiMjAyM0B1Y2IyMDIzLmNvbToxMjM0NQ==
				Accept=*/*
Cookies:		<none>
Multiparts:		<none>
Body:			<none>
>>>>>>> Response <<<<<<<<<<
HTTP/1.1 200 OK
Cache-Control: no-cache, no-store, must-revalidate
Pragma: no-cache
Content-Type: application/json; charset=utf-8
Expires: -1
Server: Microsoft-IIS/8.0
Set-Cookie: ASP.NET_SessionId=bma5o23vbrutqld0oljis5cz; path=/; HttpOnly; SameSite=Lax
X-AspNetMvc-Version: 2.0
X-AspNet-Version: 4.0.30319
X-Powered-By: ASP.NET
Date: Fri, 10 Nov 2023 22:30:23 GMT
Content-Length: 404

{
    "Id": 4161811,
    "Content": "UCB_JsonObject",
    "ItemsCount": 0,
    "Icon": 8,
    "ItemType": 2,
    "ParentId": null,
    "Collapsed": false,
    "ItemOrder": 436,
    "Children": [
        
    ],
    "IsProjectShared": false,
    "ProjectShareOwnerName": null,
    "ProjectShareOwnerEmail": null,
    "IsShareApproved": false,
    "IsOwnProject": true,
    "LastSyncedDateTime": "/Date(1699655423698)/",
    "LastUpdatedDate": "/Date(1699655421827)/",
    "Deleted": false,
    "SyncClientCreationId": null
}
Request method:	PUT
Request URI:	https://todo.ly/api/projects/4161811.json
Proxy:			<none>
Request params:	<none>
Query params:	<none>
Form params:	<none>
Path params:	<none>
Headers:		Authorization=Basic dWNiMjAyM0B1Y2IyMDIzLmNvbToxMjM0NQ==
				Accept=*/*
				Content-Type=text/plain; charset=ISO-8859-1
Cookies:		<none>
Multiparts:		<none>
Body:
{"Content":"UCB_Update","Icon":"8"}
>>>>>>> Response <<<<<<<<<<
HTTP/1.1 200 OK
Cache-Control: no-cache, no-store, must-revalidate
Pragma: no-cache
Content-Type: application/json; charset=utf-8
Expires: -1
Server: Microsoft-IIS/8.0
Set-Cookie: ASP.NET_SessionId=hsyj4s3i03ezkmwbmk0123ez; path=/; HttpOnly; SameSite=Lax
X-AspNetMvc-Version: 2.0
X-AspNet-Version: 4.0.30319
X-Powered-By: ASP.NET
Date: Fri, 10 Nov 2023 22:30:24 GMT
Content-Length: 400

{
    "Id": 4161811,
    "Content": "UCB_Update",
    "ItemsCount": 0,
    "Icon": 8,
    "ItemType": 2,
    "ParentId": null,
    "Collapsed": false,
    "ItemOrder": 436,
    "Children": [
        
    ],
    "IsProjectShared": false,
    "ProjectShareOwnerName": null,
    "ProjectShareOwnerEmail": null,
    "IsShareApproved": false,
    "IsOwnProject": true,
    "LastSyncedDateTime": "/Date(1699655424852)/",
    "LastUpdatedDate": "/Date(1699655424837)/",
    "Deleted": false,
    "SyncClientCreationId": null
}
Request method:	DELETE
Request URI:	https://todo.ly/api/projects/4161811.json
Proxy:			<none>
Request params:	<none>
Query params:	<none>
Form params:	<none>
Path params:	<none>
Headers:		Authorization=Basic dWNiMjAyM0B1Y2IyMDIzLmNvbToxMjM0NQ==
				Accept=*/*
Cookies:		<none>
Multiparts:		<none>
Body:			<none>
>>>>>>> Response <<<<<<<<<<
HTTP/1.1 200 OK
Cache-Control: no-cache, no-store, must-revalidate
Pragma: no-cache
Content-Type: application/json; charset=utf-8
Expires: -1
Server: Microsoft-IIS/8.0
Set-Cookie: ASP.NET_SessionId=ixhgjcbztid1q5wsj3mhfxnm; path=/; HttpOnly; SameSite=Lax
X-AspNetMvc-Version: 2.0
X-AspNet-Version: 4.0.30319
X-Powered-By: ASP.NET
Date: Fri, 10 Nov 2023 22:30:25 GMT
Content-Length: 399

{
    "Id": 4161811,
    "Content": "UCB_Update",
    "ItemsCount": 0,
    "Icon": 8,
    "ItemType": 2,
    "ParentId": null,
    "Collapsed": false,
    "ItemOrder": 436,
    "Children": [
        
    ],
    "IsProjectShared": false,
    "ProjectShareOwnerName": null,
    "ProjectShareOwnerEmail": null,
    "IsShareApproved": false,
    "IsOwnProject": true,
    "LastSyncedDateTime": "/Date(1699655426022)/",
    "LastUpdatedDate": "/Date(1699655426007)/",
    "Deleted": true,
    "SyncClientCreationId": null
}
]]></system-out>
  <system-err><![CDATA[]]></system-err>
</testsuite>
