<?xml version="1.0" encoding="UTF-8"?>
<testsuite name="testSuite.Login2Test" tests="1" skipped="0" failures="0" errors="0" timestamp="2023-11-18T03:55:53" hostname="DESKTOP-1188MBL" time="9.023">
  <properties/>
  <testcase name="verifyLoginSuccessfully()" classname="testSuite.Login2Test" time="9.023"/>
  <system-out><![CDATA[]]></system-out>
  <system-err><![CDATA[]]></system-err>
</testsuite>
